<?xml version="1.0" encoding="UTF-8"?>
<!-- Generated by org.testng.reporters.JUnitReportReporter -->
<testsuite hostname="NSWSYDNLP144" failures="0" tests="1" name="com.planittesting.PageObjectModel.AddAccountPageTests" time="7.034" errors="0" timestamp="21 Jun. 2019 01:10:00 GMT" skipped="0">
  <testcase classname="com.planittesting.PageObjectModel.AddAccountPageTests" name="addAccount" time="7.034"/>
</testsuite> <!-- com.planittesting.PageObjectModel.AddAccountPageTests -->
