<?xml version="1.0" encoding="UTF-8"?>
<!-- Generated by org.testng.reporters.JUnitReportReporter -->
<testsuite hostname="NSWSYDNLP144" failures="0" tests="1" name="com.planittesting.PageObjectModel.NewCustomerPageTests" time="7.896" errors="0" timestamp="20 Jun. 2019 05:12:02 GMT" skipped="0">
  <testcase classname="com.planittesting.PageObjectModel.NewCustomerPageTests" name="enterNewCustomerDetails" time="7.896"/>
</testsuite> <!-- com.planittesting.PageObjectModel.NewCustomerPageTests -->
