<?xml version="1.0" encoding="UTF-8"?>
<!-- Generated by org.testng.reporters.JUnitReportReporter -->
<testsuite hostname="NSWSYDNLP144" failures="0" tests="1" name="com.planittesting.PageObjectModel.SeleniumDatePickerPageTests" time="7.764" errors="0" timestamp="21 Jun. 2019 05:36:20 GMT" skipped="0">
  <testcase classname="com.planittesting.PageObjectModel.SeleniumDatePickerPageTests" name="selectDateAndTime" time="7.764"/>
</testsuite> <!-- com.planittesting.PageObjectModel.SeleniumDatePickerPageTests -->
