<?xml version="1.0" encoding="UTF-8"?>
<!-- Generated by org.testng.reporters.JUnitReportReporter -->
<testsuite hostname="NSWSYDNLP144" failures="0" tests="1" name="com.planittesting.PageObjectModel.LoginPageTests" time="5.435" errors="0" timestamp="20 Jun. 2019 04:38:10 GMT" skipped="0">
  <testcase classname="com.planittesting.PageObjectModel.LoginPageTests" name="signIn" time="5.435"/>
</testsuite> <!-- com.planittesting.PageObjectModel.LoginPageTests -->
