<?xml version="1.0" encoding="UTF-8"?>
<!-- Generated by org.testng.reporters.JUnitReportReporter -->
<testsuite hostname="NSWSYDNLP144" failures="0" tests="1" name="com.planittesting.PageObjectModel.HomePageTests" time="7.048" errors="0" timestamp="20 Jun. 2019 05:02:36 GMT" skipped="0">
  <testcase classname="com.planittesting.PageObjectModel.HomePageTests" name="newCustomerCreation" time="7.048"/>
</testsuite> <!-- com.planittesting.PageObjectModel.HomePageTests -->
